<?xml version="1.0" encoding="UTF-8"?>
<!-- Generated by org.testng.reporters.JUnitXMLReporter -->
<testsuite ignored="0" hostname="DESKTOP-FVER9KE" failures="0" tests="4" name="mytest" time="0.066" errors="0" timestamp="2024-05-04T19:16:53 EDT">
  <testcase classname="TestNGPractice.MyTestNGClass" name="my2ndtest" time="0.006"/>
  <testcase classname="TestNGPractice.MyTestNGClass" name="myfirstTest" time="0.002"/>
  <testcase classname="TestNGPractice.MyThirdClass" name="myfirstTest" time="0.002"/>
  <testcase classname="TestNGPractice.MyThirdClass" name="secondtest" time="0.001"/>
</testsuite> <!-- mytest -->
