<?xml version="1.0" encoding="UTF-8"?>
<!-- Generated by org.testng.reporters.JUnitXMLReporter -->
<testsuite ignored="0" hostname="DESKTOP-FVER9KE" failures="0" tests="4" name="Default test" time="0.082" errors="0" timestamp="2024-05-02T15:47:02 EDT">
  <testcase classname="TestNGPractice.day1copy" name="openbrowser" time="0.008"/>
  <testcase classname="TestNGPractice.day1copy" name="actionitems" time="0.004"/>
  <testcase classname="TestNGPractice.day1copy" name="checkingvalues" time="0.002"/>
  <testcase classname="TestNGPractice.day1copy" name="closebrowser" time="0.005"/>
</testsuite> <!-- Default test -->
