<?xml version="1.0" encoding="UTF-8"?>
<!-- Generated by org.testng.reporters.JUnitXMLReporter -->
<testsuite ignored="0" hostname="DESKTOP-FVER9KE" failures="0" tests="3" name="MyTest" time="0.025" errors="0" timestamp="2024-04-24T10:28:59 EDT">
  <testcase classname="NewTestNG.myNewClass" name="mycarloanMobilelogin" time="0.003"/>
  <testcase classname="NewTestNG.myNewClass" name="javaclass" time="0.005"/>
  <testcase classname="NewTestNG.myNewClass" name="mycarloanWeblogin" time="0.003"/>
</testsuite> <!-- MyTest -->
