<?xml version="1.0" encoding="UTF-8"?>
<!-- Generated by org.testng.reporters.JUnitXMLReporter -->
<testsuite ignored="0" hostname="DESKTOP-FVER9KE" failures="0" tests="3" name="Regression" time="0.086" errors="0" timestamp="2024-04-21T17:08:30 EDT">
  <testcase classname="TestNGPractice.Myloans" name="Testone" time="0.006"/>
  <testcase classname="TestNGPractice.MyTestNGClass" name="myfirstTest" time="0.003"/>
  <testcase classname="TestNGPractice.MyThirdClass" name="myfirstTest" time="0.006"/>
</testsuite> <!-- Regression -->
