<?xml version="1.0" encoding="UTF-8"?>
<!-- Generated by org.testng.reporters.JUnitXMLReporter -->
<testsuite ignored="2" hostname="DESKTOP-FVER9KE" failures="0" tests="0" time="0.015" errors="0" timestamp="2024-04-21T17:36:51 EDT">
  <testcase classname="TestNGPractice.MyThirdClass" name="myfirstTest" time="0.0">
    <ignored/>
  </testcase> <!-- myfirstTest -->
  <testcase classname="TestNGPractice.MyTestNGClass" name="myfirstTest" time="0.0">
    <ignored/>
  </testcase> <!-- myfirstTest -->
</testsuite>
