<?xml version="1.0" encoding="UTF-8"?>
<testng-results ignored="0" total="4" passed="4" failed="0" skipped="0">
  <reporter-output>
  </reporter-output>
  <suite started-at="2024-05-04T19:16:53 EDT" name="MyTestSuite" finished-at="2024-05-04T19:16:53 EDT" duration-ms="212">
    <groups>
      <group name="demo">
        <method signature="MyTestNGClass.myfirstTest()[pri:0, instance:TestNGPractice.MyTestNGClass@8519cb4]" name="myfirstTest" class="TestNGPractice.MyTestNGClass"/>
        <method signature="MyThirdClass.myfirstTest()[pri:0, instance:TestNGPractice.MyThirdClass@35dab4eb]" name="myfirstTest" class="TestNGPractice.MyThirdClass"/>
      </group> <!-- demo -->
    </groups>
    <test started-at="2024-05-04T19:16:53 EDT" name="Regression" finished-at="2024-05-04T19:16:53 EDT" duration-ms="39">
      <class name="TestNGPractice.Myloans">
        <test-method is-config="true" signature="beforeTest()[pri:0, instance:TestNGPractice.Myloans@f0c8a99]" started-at="2024-05-04T19:16:53 EDT" name="beforeTest" finished-at="2024-05-04T19:16:53 EDT" duration-ms="17" status="PASS">
          <reporter-output>
          </reporter-output>
        </test-method> <!-- beforeTest -->
        <test-method is-config="true" signature="afterTest()[pri:0, instance:TestNGPractice.Myloans@f0c8a99]" started-at="2024-05-04T19:16:53 EDT" name="afterTest" finished-at="2024-05-04T19:16:53 EDT" duration-ms="1" status="PASS">
          <reporter-output>
          </reporter-output>
        </test-method> <!-- afterTest -->
      </class> <!-- TestNGPractice.Myloans -->
    </test> <!-- Regression -->
    <test started-at="2024-05-04T19:16:53 EDT" name="mytest" finished-at="2024-05-04T19:16:53 EDT" duration-ms="66">
      <class name="TestNGPractice.MyThirdClass">
        <test-method is-config="true" signature="beforetest()[pri:0, instance:TestNGPractice.MyThirdClass@35dab4eb]" started-at="2024-05-04T19:16:53 EDT" name="beforetest" finished-at="2024-05-04T19:16:53 EDT" duration-ms="0" status="PASS">
          <reporter-output>
          </reporter-output>
        </test-method> <!-- beforetest -->
        <test-method signature="myfirstTest()[pri:0, instance:TestNGPractice.MyThirdClass@35dab4eb]" started-at="2024-05-04T19:16:53 EDT" name="myfirstTest" finished-at="2024-05-04T19:16:53 EDT" duration-ms="2" status="PASS">
          <reporter-output>
          </reporter-output>
        </test-method> <!-- myfirstTest -->
        <test-method signature="secondtest()[pri:0, instance:TestNGPractice.MyThirdClass@35dab4eb]" started-at="2024-05-04T19:16:53 EDT" name="secondtest" finished-at="2024-05-04T19:16:53 EDT" duration-ms="1" status="PASS">
          <reporter-output>
          </reporter-output>
        </test-method> <!-- secondtest -->
        <test-method is-config="true" signature="aftertest()[pri:0, instance:TestNGPractice.MyThirdClass@35dab4eb]" started-at="2024-05-04T19:16:53 EDT" name="aftertest" finished-at="2024-05-04T19:16:53 EDT" duration-ms="0" status="PASS">
          <reporter-output>
          </reporter-output>
        </test-method> <!-- aftertest -->
      </class> <!-- TestNGPractice.MyThirdClass -->
      <class name="TestNGPractice.MyTestNGClass">
        <test-method is-config="true" signature="beforetest()[pri:0, instance:TestNGPractice.MyTestNGClass@8519cb4]" started-at="2024-05-04T19:16:53 EDT" name="beforetest" finished-at="2024-05-04T19:16:53 EDT" duration-ms="0" status="PASS">
          <reporter-output>
          </reporter-output>
        </test-method> <!-- beforetest -->
        <test-method signature="my2ndtest()[pri:0, instance:TestNGPractice.MyTestNGClass@8519cb4]" started-at="2024-05-04T19:16:53 EDT" name="my2ndtest" finished-at="2024-05-04T19:16:53 EDT" duration-ms="6" status="PASS">
          <reporter-output>
          </reporter-output>
        </test-method> <!-- my2ndtest -->
        <test-method signature="myfirstTest()[pri:0, instance:TestNGPractice.MyTestNGClass@8519cb4]" started-at="2024-05-04T19:16:53 EDT" name="myfirstTest" finished-at="2024-05-04T19:16:53 EDT" duration-ms="2" status="PASS">
          <reporter-output>
          </reporter-output>
        </test-method> <!-- myfirstTest -->
        <test-method is-config="true" signature="aftertest()[pri:0, instance:TestNGPractice.MyTestNGClass@8519cb4]" started-at="2024-05-04T19:16:53 EDT" name="aftertest" finished-at="2024-05-04T19:16:53 EDT" duration-ms="1" status="PASS">
          <reporter-output>
          </reporter-output>
        </test-method> <!-- aftertest -->
      </class> <!-- TestNGPractice.MyTestNGClass -->
    </test> <!-- mytest -->
  </suite> <!-- MyTestSuite -->
</testng-results>
